<?xml version="1.0" encoding="UTF-8"?>
<!-- Generated by org.testng.reporters.JUnitXMLReporter -->
<testsuite ignored="0" hostname="LAPTOP-CGUJBJB4" failures="1" tests="1" name="Aboutus" time="7.035" errors="0" timestamp="2023-10-30T17:16:41 IST">
  <testcase classname="headertestcases.TC_002_Check_aboutuslink" name="Check_aboutuslink_Test" time="2.166">
    <failure type="java.lang.NullPointerException">
      <![CDATA[java.lang.NullPointerException
at headertestcases.TC_002_Check_aboutuslink.Check_aboutuslink_Test(TC_002_Check_aboutuslink.java:34)
at java.base/java.util.ArrayList.forEach(ArrayList.java:1541)
... Removed 27 stack frames]]>
    </failure>
  </testcase> <!-- Check_aboutuslink_Test -->
</testsuite> <!-- Aboutus -->
