<?xml version="1.0" encoding="UTF-8"?>
<!-- Generated by org.testng.reporters.JUnitXMLReporter -->
<testsuite ignored="0" hostname="LAPTOP-CGUJBJB4" failures="0" tests="1" name="Collection-View all Designs" time="9.831" errors="0" timestamp="2023-09-22T19:23:54 IST">
  <testcase classname="homepagetestcases.TC_049_Check_View_All_Designs_link_Collection_Click_all_Shapes" name="check_viewall_designs_link_in_collection_click_all_shapes_Test" time="4.779"/>
</testsuite> <!-- Collection-View all Designs -->
