<?xml version="1.0" encoding="UTF-8"?>
<!-- Generated by org.testng.reporters.JUnitXMLReporter -->
<testsuite ignored="0" hostname="LAPTOP-CGUJBJB4" failures="0" tests="1" name="Collection-Field of Flowers" time="10.256" errors="0" timestamp="2023-09-22T19:18:19 IST">
  <testcase classname="homepagetestcases.TC_014_Check_FieldofFlowers_link_Collection_Click_all_shapes" name="check_fieldofflowers_link_in_collection_click_all_shapes_Test" time="5.106"/>
</testsuite> <!-- Collection-Field of Flowers -->
