<?xml version="1.0" encoding="UTF-8"?>
<!-- Generated by org.testng.reporters.JUnitXMLReporter -->
<testsuite ignored="0" hostname="LAPTOP-CGUJBJB4" failures="0" tests="1" name="Order Sample email pop up close button" time="17.054" errors="0" timestamp="2023-09-22T19:53:14 IST">
  <testcase classname="Ordersample_SectionTestcases.TC_134_Check_order_samples_email_popup_close_button" name="check_order_sample_email_popup_close_button_Test" time="11.878"/>
</testsuite> <!-- Order Sample email pop up close button -->
