<?xml version="1.0" encoding="UTF-8"?>
<!-- Generated by org.testng.reporters.JUnitXMLReporter -->
<testsuite ignored="0" hostname="LAPTOP-CGUJBJB4" failures="0" tests="1" name="Order Sample Displays Core Color name " time="23.651" errors="0" timestamp="2023-09-22T19:48:43 IST">
  <testcase classname="Ordersample_SectionTestcases.TC_118_Check_Core_color_name_displays_when_mousehover" name="check_core_color_name_displays_Test" time="18.421"/>
</testsuite> <!-- Order Sample Displays Core Color name  -->
