<?xml version="1.0" encoding="UTF-8"?>
<!-- Generated by org.testng.reporters.JUnitXMLReporter -->
<testsuite ignored="0" hostname="LAPTOP-CGUJBJB4" failures="0" tests="1" name="Order Sample Functionality without Login" time="16.787" errors="0" timestamp="2023-09-22T19:52:57 IST">
  <testcase classname="Ordersample_SectionTestcases.TC_133_Check_order_samples_functionality_without_login" name="check_order_sample_functionality_without_login_Test" time="11.29"/>
</testsuite> <!-- Order Sample Functionality without Login -->
