<?xml version="1.0" encoding="UTF-8"?>
<!-- Generated by org.testng.reporters.JUnitXMLReporter -->
<testsuite ignored="0" hostname="LAPTOP-CGUJBJB4" failures="0" tests="1" name="Order Sample Search Functionality Core Colors" time="14.786" errors="0" timestamp="2023-09-22T19:49:12 IST">
  <testcase classname="Ordersample_SectionTestcases.TC_120_Check_search_functionality_Core_colors" name="check_search_functionality_core_colors_Test" time="9.796"/>
</testsuite> <!-- Order Sample Search Functionality Core Colors -->
