<?xml version="1.0" encoding="UTF-8"?>
<!-- Generated by org.testng.reporters.JUnitXMLReporter -->
<testsuite ignored="0" hostname="LAPTOP-CGUJBJB4" failures="0" tests="1" name="Order Sample rug size different values" time="23.5" errors="0" timestamp="2023-09-22T19:52:26 IST">
  <testcase classname="Ordersample_SectionTestcases.TC_131_Check_enter_different_values_ft_cms" name="check_enter_different_value_ft_cms_Test" time="18.255"/>
</testsuite> <!-- Order Sample rug size different values -->
