<?xml version="1.0" encoding="UTF-8"?>
<!-- Generated by org.testng.reporters.JUnitXMLReporter -->
<testsuite ignored="0" hostname="LAPTOP-CGUJBJB4" failures="0" tests="1" name="Order Sample remove all colors" time="15.055" errors="0" timestamp="2023-09-22T19:54:20 IST">
  <testcase classname="Ordersample_SectionTestcases.TC_137_Check_order_samples_remove_all_colors_verify_error_msg" name="check_remove_all_colors_error_msg_Test" time="9.767"/>
</testsuite> <!-- Order Sample remove all colors -->
