<?xml version="1.0" encoding="UTF-8"?>
<!-- Generated by org.testng.reporters.JUnitXMLReporter -->
<testsuite ignored="0" hostname="LAPTOP-CGUJBJB4" failures="0" tests="1" name="Order Sample Search Functionality Pastel Colors" time="20.353" errors="0" timestamp="2023-09-22T19:50:47 IST">
  <testcase classname="Ordersample_SectionTestcases.TC_125_Check_search_functionality_Pastel_colors" name="check_search_functionility_pastel_colors_Test" time="15.16"/>
</testsuite> <!-- Order Sample Search Functionality Pastel Colors -->
