<?xml version="1.0" encoding="UTF-8"?>
<!-- Generated by org.testng.reporters.JUnitXMLReporter -->
<testsuite ignored="0" hostname="LAPTOP-CGUJBJB4" failures="0" tests="1" name="Order Sample Displays Pastel Color name" time="24.779" errors="0" timestamp="2023-09-22T19:50:10 IST">
  <testcase classname="Ordersample_SectionTestcases.TC_123_Check_Pastel_color_name_displays_when_mousehover" name="check_pastel_color_name_displays_mousehover_Test" time="19.586"/>
</testsuite> <!-- Order Sample Displays Pastel Color name -->
