<?xml version="1.0" encoding="UTF-8"?>
<!-- Generated by org.testng.reporters.JUnitXMLReporter -->
<testsuite ignored="0" hostname="LAPTOP-CGUJBJB4" failures="0" tests="1" name="Order Sample functionality after signin" time="23.085" errors="0" timestamp="2023-09-22T19:53:37 IST">
  <testcase classname="Ordersample_SectionTestcases.TC_135_Check_order_samples_after_signin" name="check_order_samples_after_login_Test" time="17.933"/>
</testsuite> <!-- Order Sample functionality after signin -->
