<?xml version="1.0" encoding="UTF-8"?>
<!-- Generated by org.testng.reporters.JUnitXMLReporter -->
<testsuite ignored="0" hostname="LAPTOP-CGUJBJB4" failures="0" tests="1" name="Order Sample Select Pastel,Core Colors Tab" time="16.671" errors="0" timestamp="2023-09-22T19:47:52 IST">
  <testcase classname="Ordersample_SectionTestcases.TC_115_Check_able_to_select_pastel_core_tab" name="check_able_to_select_pastel_core_tab_Test" time="11.126"/>
</testsuite> <!-- Order Sample Select Pastel,Core Colors Tab -->
