<?xml version="1.0" encoding="UTF-8"?>
<!-- Generated by org.testng.reporters.JUnitXMLReporter -->
<testsuite ignored="0" hostname="LAPTOP-CGUJBJB4" failures="0" tests="1" name="Order Sample Core Color name on leftside" time="14.221" errors="0" timestamp="2023-09-22T19:48:57 IST">
  <testcase classname="Ordersample_SectionTestcases.TC_119_Check_core_color_name_displayed_on_leftside" name="check_core_color_name_displayed_leftside_Test" time="9.012"/>
</testsuite> <!-- Order Sample Core Color name on leftside -->
