<?xml version="1.0" encoding="UTF-8"?>
<!-- Generated by org.testng.reporters.JUnitXMLReporter -->
<testsuite ignored="0" hostname="LAPTOP-CGUJBJB4" failures="0" tests="1" name="Order Sample Pastel Color name on leftside" time="16.173" errors="0" timestamp="2023-09-22T19:50:26 IST">
  <testcase classname="Ordersample_SectionTestcases.TC_124_Check_pastel_color_name_displayed_on_leftside" name="check_pastel_color_name_displayed_on_leftside_Test" time="11.01"/>
</testsuite> <!-- Order Sample Pastel Color name on leftside -->
