<?xml version="1.0" encoding="UTF-8"?>
<!-- Generated by org.testng.reporters.JUnitXMLReporter -->
<testsuite ignored="0" hostname="LAPTOP-CGUJBJB4" failures="0" tests="1" name="PDP rectangle shape same length/width error msg" time="14.47" errors="0" timestamp="2023-09-22T19:57:41 IST">
  <testcase classname="PDPpagetTestcases.TC_146_Check_rectangle_shape_same_length_width_error_msg" name="check_rugshapes_verify_title_Test" time="9.348"/>
</testsuite> <!-- PDP rectangle shape same length/width error msg -->
