<?xml version="1.0" encoding="UTF-8"?>
<!-- Generated by org.testng.reporters.JUnitXMLReporter -->
<testsuite ignored="0" hostname="LAPTOP-CGUJBJB4" failures="0" tests="1" name="PDP diamond shape length gets double in color sample" time="17.781" errors="0" timestamp="2023-09-22T19:59:08 IST">
  <testcase classname="PDPpagetTestcases.TC_152_Check_diamond_shape_length_double_as_width_colorsample" name="checkdiamond_shape_length_doubles_colorsample" time="12.439"/>
</testsuite> <!-- PDP diamond shape length gets double in color sample -->
