<?xml version="1.0" encoding="UTF-8"?>
<!-- Generated by org.testng.reporters.JUnitXMLReporter -->
<testsuite ignored="0" hostname="LAPTOP-CGUJBJB4" failures="1" tests="1" name="Signin" time="12.82" errors="0" timestamp="2023-10-30T17:16:34 IST">
  <testcase classname="headertestcases.TC_001_Check_Signin_link" name="@AfterMethod getTestResult" time="0.003">
    <failure type="java.lang.NullPointerException">
      <![CDATA[java.lang.NullPointerException
at headertestcases.TC_001_Check_Signin_link.getTestResult(TC_001_Check_Signin_link.java:90)
at java.base/java.util.ArrayList.forEach(ArrayList.java:1541)
... Removed 32 stack frames]]>
    </failure>
  </testcase> <!-- @AfterMethod getTestResult -->
  <testcase classname="resources.Base" name="@AfterClass teardown" time="0.0">
    <skipped/>
  </testcase> <!-- @AfterClass teardown -->
  <testcase classname="headertestcases.TC_001_Check_Signin_link" name="Check_Signin_link_Test" time="3.005">
    <failure type="java.lang.NullPointerException">
      <![CDATA[java.lang.NullPointerException
at headertestcases.TC_001_Check_Signin_link.Check_Signin_link_Test(TC_001_Check_Signin_link.java:75)
at java.base/java.util.ArrayList.forEach(ArrayList.java:1541)
... Removed 27 stack frames]]>
    </failure>
  </testcase> <!-- Check_Signin_link_Test -->
</testsuite> <!-- Signin -->
