<?xml version="1.0" encoding="UTF-8"?>
<!-- Generated by org.testng.reporters.JUnitXMLReporter -->
<testsuite ignored="0" hostname="LAPTOP-CGUJBJB4" failures="0" tests="1" name="Size Cms accept special characters" time="13.183" errors="0" timestamp="2023-11-28T14:16:28 IST">
  <testcase classname="filterSectionTestcases.TC_096_Check_Size_cms_accepts_alphabets_value_or_not" name="check_size_cms_accepts_alphabets_value_Test" time="8.247"/>
</testsuite> <!-- Size Cms accept special characters -->
