<?xml version="1.0" encoding="UTF-8"?>
<!-- Generated by org.testng.reporters.JUnitXMLReporter -->
<testsuite ignored="0" hostname="LAPTOP-CGUJBJB4" failures="0" tests="14" name="Test" time="105.736" errors="0" timestamp="2023-12-01T14:29:04 IST">
  <testcase classname="headertestcases.TC_001_Check_Signin_link" name="Check_Signin_link_Test" time="4.434"/>
  <testcase classname="headertestcases.TC_002_Check_aboutuslink" name="Check_aboutuslink_Test" time="2.324"/>
  <testcase classname="headertestcases.TC_003_Check_Trade_link" name="Check_Trade_link_Test" time="2.824"/>
  <testcase classname="headertestcases.TC_004_Check_Contact_link" name="Check_Contact_link_Test" time="2.908"/>
  <testcase classname="headertestcases.TC_005_Check_Press_link" name="Check_Press_link_Test" time="4.662"/>
  <testcase classname="headertestcases.TC_006_Check_Join_link" name="Check_join_link_Test" time="1.128"/>
  <testcase classname="homepagetestcases.TC_007_Check_whether_ableto_mousehover_Collection" name="check_whetherable_mouseover_Collection" time="1.445"/>
  <testcase classname="homepagetestcases.TC_008_Check_whether_ableto_mousehover_Rugstyle" name="Check_whether_ableto_mousehover_Rugstyle_Test" time="1.243"/>
  <testcase classname="homepagetestcases.TC_009_Check_whether_ableto_mousehover_Pattern" name="check_whetherable_mouseover_Pattern_Test" time="1.257"/>
  <testcase classname="homepagetestcases.TC_010_Check_whether_ableto_mousehover_shapes" name="check_whetherable_mouseover_shapes_Test" time="1.342"/>
  <testcase classname="homepagetestcases.TC_011_Check_whether_ableto_mousehover_Discover" name="check_whetherable_mouseover_Discover_Test" time="1.272"/>
  <testcase classname="homepagetestcases.TC_012_Check_bespoke_link_working_formdisplays" name="check_bespoke_link_working_formdisplays_Test" time="2.377"/>
  <testcase classname="homepagetestcases.TC_013_Check_Rugfinder_link_working_boxdisplays" name="check_rugfinder_link_working_boxappears_Test" time="5.243"/>
  <testcase classname="homepagetestcases.TC_014_Check_FieldofFlowers_link_Collection_Click_all_shapes" name="check_fieldofflowers_link_in_collection_click_all_shapes_Test" time="4.835"/>
</testsuite> <!-- Test -->
