<?xml version="1.0" encoding="UTF-8"?>
<testng-results ignored="0" total="1" passed="1" failed="0" skipped="0">
  <reporter-output>
  </reporter-output>
  <suite started-at="2023-12-01T22:36:16 IST" name="Default suite" finished-at="2023-12-01T22:36:29 IST" duration-ms="13021">
    <groups>
    </groups>
    <test started-at="2023-12-01T22:36:16 IST" name="Default test" finished-at="2023-12-01T22:36:29 IST" duration-ms="13021">
      <class name="MyaccountTestcases.TC_347_Check_my_acct_name_updated_success_msg_appears">
        <test-method is-config="true" signature="getlaunchurl()[pri:0, instance:MyaccountTestcases.TC_347_Check_my_acct_name_updated_success_msg_appears@6d5620ce]" started-at="2023-12-01T22:36:16 IST" name="getlaunchurl" finished-at="2023-12-01T22:36:23 IST" duration-ms="6435" status="PASS">
          <reporter-output>
          </reporter-output>
        </test-method> <!-- getlaunchurl -->
        <test-method signature="Check_my_acct_last_name_left_blank_verify_msg()[pri:0, instance:MyaccountTestcases.TC_347_Check_my_acct_name_updated_success_msg_appears@6d5620ce]" started-at="2023-12-01T22:36:23 IST" name="Check_my_acct_last_name_left_blank_verify_msg" finished-at="2023-12-01T22:36:29 IST" duration-ms="6385" status="PASS">
          <reporter-output>
          </reporter-output>
        </test-method> <!-- Check_my_acct_last_name_left_blank_verify_msg -->
        <test-method is-config="true" signature="teardown()[pri:0, instance:MyaccountTestcases.TC_347_Check_my_acct_name_updated_success_msg_appears@6d5620ce]" started-at="2023-12-01T22:36:29 IST" name="teardown" finished-at="2023-12-01T22:36:29 IST" duration-ms="157" status="PASS">
          <reporter-output>
          </reporter-output>
        </test-method> <!-- teardown -->
      </class> <!-- MyaccountTestcases.TC_347_Check_my_acct_name_updated_success_msg_appears -->
    </test> <!-- Default test -->
  </suite> <!-- Default suite -->
</testng-results>
