<?xml version="1.0" encoding="UTF-8"?>
<testng-results ignored="0" total="1" passed="1" failed="0" skipped="0">
  <reporter-output>
  </reporter-output>
  <suite started-at="2023-09-28T20:02:47 IST" name="Default suite" finished-at="2023-09-28T20:03:06 IST" duration-ms="19122">
    <groups>
    </groups>
    <test started-at="2023-09-28T20:02:47 IST" name="Default test" finished-at="2023-09-28T20:03:06 IST" duration-ms="19122">
      <class name="PDPpagetTestcases.TC_161_Check_handknotted_rugtype_default_rug_material_displays">
        <test-method is-config="true" signature="launchurl()[pri:0, instance:PDPpagetTestcases.TC_161_Check_handknotted_rugtype_default_rug_material_displays@7d3e8655]" started-at="2023-09-28T20:02:47 IST" name="launchurl" finished-at="2023-09-28T20:02:53 IST" duration-ms="5493" status="PASS">
          <reporter-output>
          </reporter-output>
        </test-method> <!-- launchurl -->
        <test-method signature="checkhandknottedrugtype_default_materials()[pri:0, instance:PDPpagetTestcases.TC_161_Check_handknotted_rugtype_default_rug_material_displays@7d3e8655]" started-at="2023-09-28T20:02:53 IST" name="checkhandknottedrugtype_default_materials" finished-at="2023-09-28T20:03:06 IST" duration-ms="13599" status="PASS">
          <reporter-output>
          </reporter-output>
        </test-method> <!-- checkhandknottedrugtype_default_materials -->
      </class> <!-- PDPpagetTestcases.TC_161_Check_handknotted_rugtype_default_rug_material_displays -->
    </test> <!-- Default test -->
  </suite> <!-- Default suite -->
</testng-results>
