<?xml version="1.0" encoding="UTF-8"?>
<!-- Generated by org.testng.reporters.JUnitReportReporter -->
<testsuite hostname="LAPTOP-CGUJBJB4" failures="0" tests="1" name="homepagetestcases.TC_010_Check_whether_ableto_mousehover_shapes" time="1.335" errors="0" timestamp="2023-09-22T19:59:09 IST" skipped="0">
  <testcase classname="homepagetestcases.TC_010_Check_whether_ableto_mousehover_shapes" name="check_whetherable_mouseover_shapes_Test" time="1.335"/>
</testsuite> <!-- homepagetestcases.TC_010_Check_whether_ableto_mousehover_shapes -->
