<?xml version="1.0" encoding="UTF-8"?>
<!-- Generated by org.testng.reporters.JUnitReportReporter -->
<testsuite hostname="LAPTOP-CGUJBJB4" failures="0" tests="1" name="Shopping_cartTestcases.TC_258_Check_shipping_return_policy_displays" time="19.793" errors="0" timestamp="2023-11-03T19:00:58 IST" skipped="0">
  <testcase classname="Shopping_cartTestcases.TC_258_Check_shipping_return_policy_displays" name="check_shipping_return_policy_displays_in_Cart" time="19.793"/>
</testsuite> <!-- Shopping_cartTestcases.TC_258_Check_shipping_return_policy_displays -->
