<?xml version="1.0" encoding="UTF-8"?>
<!-- Generated by org.testng.reporters.JUnitXMLReporter -->
<testsuite ignored="0" hostname="LAPTOP-CGUJBJB4" failures="0" tests="1" name="Size accept special characters Test" time="9.345" errors="0" timestamp="2023-08-10T16:48:32 IST">
  <testcase classname="filterSectionTestcases.TC_095_Check_Size_accepts_special_character_or_not" name="check_Size_accepts_special_character_Test" time="5.572"/>
</testsuite> <!-- Size accept special characters Test -->
